<?xml version="1.0" encoding="UTF-8"?>
<!-- Generated by org.testng.reporters.JUnitReportReporter -->
<testsuite hostname="DESKTOP-DRTC6PB" failures="0" tests="2" name="com.testng.TestNGDataProvider" time="24.902" errors="0" timestamp="2024-11-20T11:23:55 IST" skipped="0">
  <testcase classname="com.testng.TestNGDataProvider" name="f" time="13.771"/>
  <system-out/>
  <testcase classname="com.testng.TestNGDataProvider" name="f" time="11.131"/>
  <system-out/>
</testsuite> <!-- com.testng.TestNGDataProvider -->
