<?xml version="1.0" encoding="UTF-8"?>
<!-- Generated by org.testng.reporters.JUnitReportReporter -->
<testsuite hostname="DESKTOP-DRTC6PB" failures="0" tests="1" name="com.FW.DataDrivenFW" time="29.859" errors="0" timestamp="2024-11-20T11:16:59 IST" skipped="0">
  <testcase classname="com.FW.DataDrivenFW" name="test" time="29.859"/>
  <system-out/>
</testsuite> <!-- com.FW.DataDrivenFW -->
