<?xml version="1.0" encoding="UTF-8"?>
<!-- Generated by org.testng.reporters.JUnitReportReporter -->
<testsuite hostname="DESKTOP-DRTC6PB" failures="0" tests="7" name="com.testng.TestNGGroup" time="0.039" errors="0" timestamp="2024-11-18T15:56:18 IST" skipped="0">
  <testcase classname="com.testng.TestNGGroup" name="red2" time="0.002"/>
  <system-out/>
  <testcase classname="com.testng.TestNGGroup" name="red3" time="0.003"/>
  <system-out/>
  <testcase classname="com.testng.TestNGGroup" name="greenandred" time="0.003"/>
  <system-out/>
  <testcase classname="com.testng.TestNGGroup" name="green3" time="0.002"/>
  <system-out/>
  <testcase classname="com.testng.TestNGGroup" name="green2" time="0.003"/>
  <system-out/>
  <testcase classname="com.testng.TestNGGroup" name="red1" time="0.003"/>
  <system-out/>
  <testcase classname="com.testng.TestNGGroup" name="green1" time="0.023"/>
  <system-out/>
</testsuite> <!-- com.testng.TestNGGroup -->
