<?xml version="1.0" encoding="UTF-8"?>
<!-- Generated by org.testng.reporters.JUnitReportReporter -->
<testsuite hostname="DESKTOP-DRTC6PB" failures="0" tests="2" name="com.testng.TestNGAnnotation" time="0.022" errors="0" timestamp="2024-08-23T10:24:34 IST" skipped="0">
  <testcase classname="com.testng.TestNGAnnotation" name="test1" time="0.007"/>
  <system-out/>
  <testcase classname="com.testng.TestNGAnnotation" name="test" time="0.015"/>
  <system-out/>
</testsuite> <!-- com.testng.TestNGAnnotation -->
