<?xml version="1.0" encoding="UTF-8"?>
<!-- Generated by org.testng.reporters.JUnitReportReporter -->
<testsuite hostname="DESKTOP-DRTC6PB" failures="0" tests="1" name="com.FW.DataDrivenFW" time="24.071" errors="0" timestamp="2024-09-02T11:12:53 IST" skipped="0">
  <testcase classname="com.FW.DataDrivenFW" name="test" time="24.071"/>
  <system-out/>
</testsuite> <!-- com.FW.DataDrivenFW -->
