<?xml version="1.0" encoding="UTF-8"?>
<!-- Generated by org.testng.reporters.JUnitReportReporter -->
<testsuite hostname="DESKTOP-DRTC6PB" failures="0" tests="6" name="com.FW.HybridDrivenFW" time="17.174" errors="0" timestamp="2024-09-06T10:06:47 IST" skipped="0">
  <testcase classname="com.FW.HybridDrivenFW" name="test" time="3.372"/>
  <system-out/>
  <testcase classname="com.FW.HybridDrivenFW" name="test" time="4.911"/>
  <system-out/>
  <testcase classname="com.FW.HybridDrivenFW" name="test" time="2.322"/>
  <system-out/>
  <testcase classname="com.FW.HybridDrivenFW" name="test" time="1.739"/>
  <system-out/>
  <testcase classname="com.FW.HybridDrivenFW" name="test" time="2.162"/>
  <system-out/>
  <testcase classname="com.FW.HybridDrivenFW" name="test" time="2.668"/>
  <system-out/>
</testsuite> <!-- com.FW.HybridDrivenFW -->
