<?xml version="1.0" encoding="UTF-8"?>
<!-- Generated by org.testng.reporters.JUnitReportReporter -->
<testsuite hostname="DESKTOP-DRTC6PB" failures="0" tests="2" name="com.testng.TestNGDataProvider" time="29.771" errors="0" timestamp="2024-08-30T10:23:18 IST" skipped="0">
  <testcase classname="com.testng.TestNGDataProvider" name="f" time="17.811"/>
  <system-out/>
  <testcase classname="com.testng.TestNGDataProvider" name="f" time="11.960"/>
  <system-out/>
</testsuite> <!-- com.testng.TestNGDataProvider -->
