<?xml version="1.0" encoding="UTF-8"?>
<!-- Generated by org.testng.reporters.JUnitReportReporter -->
<testsuite hostname="DESKTOP-DRTC6PB" failures="0" tests="4" name="com.tetsng.SecondDemo" time="0.059" errors="0" timestamp="2024-08-14T10:37:33 IST" skipped="0">
  <testcase classname="com.tetsng.SecondDemo" name="fest" time="0.024"/>
  <system-out/>
  <testcase classname="com.tetsng.SecondDemo" name="nest" time="0.013"/>
  <system-out/>
  <testcase classname="com.tetsng.SecondDemo" name="best" time="0.017"/>
  <system-out/>
  <testcase classname="com.tetsng.SecondDemo" name="test" time="0.005"/>
  <system-out/>
</testsuite> <!-- com.tetsng.SecondDemo -->
