<?xml version="1.0" encoding="UTF-8"?>
<!-- Generated by org.testng.reporters.JUnitReportReporter -->
<testsuite hostname="DESKTOP-DRTC6PB" failures="0" tests="4" name="com.testng.TestNGGroup" time="0.022" errors="0" timestamp="2024-08-23T10:28:28 IST" skipped="0">
  <testcase classname="com.testng.TestNGGroup" name="green2" time="0.002"/>
  <system-out/>
  <testcase classname="com.testng.TestNGGroup" name="green1" time="0.017"/>
  <system-out/>
  <testcase classname="com.testng.TestNGGroup" name="greenandred" time="0.001"/>
  <system-out/>
  <testcase classname="com.testng.TestNGGroup" name="green3" time="0.002"/>
  <system-out/>
</testsuite> <!-- com.testng.TestNGGroup -->
