<?xml version="1.0" encoding="UTF-8"?>
<!-- Generated by org.testng.reporters.JUnitReportReporter -->
<testsuite hostname="DESKTOP-DRTC6PB" failures="0" tests="3" name="com.tetsng.TestngWebdriver" time="6.644" errors="0" timestamp="2024-08-14T11:03:36 IST" skipped="0">
  <testcase classname="com.tetsng.TestngWebdriver" name="click" time="2.361"/>
  <system-out/>
  <testcase classname="com.tetsng.TestngWebdriver" name="enterUsername" time="2.161"/>
  <system-out/>
  <testcase classname="com.tetsng.TestngWebdriver" name="enterpassword" time="2.122"/>
  <system-out/>
</testsuite> <!-- com.tetsng.TestngWebdriver -->
