<?xml version="1.0" encoding="UTF-8"?>
<!-- Generated by org.testng.reporters.JUnitReportReporter -->
<testsuite hostname="DESKTOP-DRTC6PB" failures="0" tests="3" name="com.testng.TestngWebdriver" time="6.510" errors="0" timestamp="2024-08-23T10:38:39 IST" skipped="0">
  <testcase classname="com.testng.TestngWebdriver" name="click" time="2.161"/>
  <system-out/>
  <testcase classname="com.testng.TestngWebdriver" name="enterUsername" time="2.216"/>
  <system-out/>
  <testcase classname="com.testng.TestngWebdriver" name="enterpassword" time="2.133"/>
  <system-out/>
</testsuite> <!-- com.testng.TestngWebdriver -->
