<?xml version="1.0" encoding="UTF-8"?>
<!-- Generated by org.testng.reporters.JUnitReportReporter -->
<testsuite hostname="DESKTOP-DRTC6PB" failures="0" tests="7" name="com.testng.TestNGGroup" time="0.050" errors="0" timestamp="2024-11-20T11:53:28 IST" skipped="0">
  <testcase classname="com.testng.TestNGGroup" name="red1" time="0.006"/>
  <system-out/>
  <testcase classname="com.testng.TestNGGroup" name="green1" time="0.026"/>
  <system-out/>
  <testcase classname="com.testng.TestNGGroup" name="red2" time="0.002"/>
  <system-out/>
  <testcase classname="com.testng.TestNGGroup" name="red3" time="0.007"/>
  <system-out/>
  <testcase classname="com.testng.TestNGGroup" name="green3" time="0.002"/>
  <system-out/>
  <testcase classname="com.testng.TestNGGroup" name="green2" time="0.002"/>
  <system-out/>
  <testcase classname="com.testng.TestNGGroup" name="greenandred" time="0.005"/>
  <system-out/>
</testsuite> <!-- com.testng.TestNGGroup -->
