<?xml version="1.0" encoding="UTF-8"?>
<!-- Generated by org.testng.reporters.JUnitReportReporter -->
<testsuite hostname="DESKTOP-DRTC6PB" failures="0" tests="6" name="com.FW.KeywordDriven" time="11.025" errors="0" timestamp="2024-09-04T10:29:05 IST" skipped="0">
  <testcase classname="com.FW.KeywordDriven" name="test" time="2.052"/>
  <system-out/>
  <testcase classname="com.FW.KeywordDriven" name="test" time="0.003"/>
  <system-out/>
  <testcase classname="com.FW.KeywordDriven" name="test" time="2.327"/>
  <system-out/>
  <testcase classname="com.FW.KeywordDriven" name="test" time="2.167"/>
  <system-out/>
  <testcase classname="com.FW.KeywordDriven" name="test" time="2.212"/>
  <system-out/>
  <testcase classname="com.FW.KeywordDriven" name="test" time="2.264"/>
  <system-out/>
</testsuite> <!-- com.FW.KeywordDriven -->
